  Validating sources
  Copying sources remotely to '192.168.91.134'
  Validating architecture
  Starting remote build
  Compiling sources:
  client.c
D:\Documents\МИЭМ\Истратов\лаба 4\lab4\client.c(45,10): warning : conversion to ‘uint64_t {aka long unsigned int}’ from ‘int’ may change the sign of the result [-Wsign-conversion]
D:\Documents\МИЭМ\Истратов\лаба 4\lab4\client.c(45,10): warning :   maxid = semctl(0, 0, SEM_INFO, arg);
D:\Documents\МИЭМ\Истратов\лаба 4\lab4\client.c(45,10): warning :           ^~~~~~
  Linking objects
D:\Documents\МИЭМ\Истратов\лаба 4\lab4\obj\x64\Debug\server.o : error : In function `socket_close':
D:\Documents\МИЭМ\Истратов\лаба 4\lab4\server.c(5): error : multiple definition of `socket_close'
D:\Documents\МИЭМ\Истратов\лаба 4\lab4\obj\x64\Debug\client.o : error : /home/user/projects/lab4/client.c:4: first defined here
D:\Documents\МИЭМ\Истратов\лаба 4\lab4\obj\x64\Debug\server.o : error : In function `ipc_sem_serialize_free':
D:\Documents\МИЭМ\Истратов\лаба 4\lab4\server.c(11): error : multiple definition of `ipc_sem_serialize_free'
D:\Documents\МИЭМ\Истратов\лаба 4\lab4\obj\x64\Debug\client.o : error : /home/user/projects/lab4/client.c:99: first defined here
D:\Documents\МИЭМ\Истратов\лаба 4\lab4\obj\x64\Debug\server.o : error : In function `main':
D:\Documents\МИЭМ\Истратов\лаба 4\lab4\server.c(15): error : multiple definition of `main'
D:\Documents\МИЭМ\Истратов\лаба 4\lab4\obj\x64\Debug\client.o : error : /home/user/projects/lab4/client.c:104: first defined here
collect2 : error : ld returned 1 exit status
